android/app/build/intermediates/manifest_merge_blame_file/debug/manifest-merger-blame-debug-report.txt
1<?xml version="1.0" encoding="utf-8"?>
2<manifest xmlns:android="http://schemas.android.com/apk/res/android"
3    package="com.cndpassenger"
4    android:versionCode="1"
5    android:versionName="1.0.0" >
6
7    <uses-sdk
8        android:minSdkVersion="21"
9        android:targetSdkVersion="30" />
10
11    <uses-permission android:name="android.permission.SYSTEM_ALERT_WINDOW" />
11-->src\main\AndroidManifest.xml:6:3-75
11-->src\main\AndroidManifest.xml:6:20-73
12    <uses-permission android:name="android.permission.ACCESS_COARSE_LOCATION" />
12-->src\main\AndroidManifest.xml:2:3-78
12-->src\main\AndroidManifest.xml:2:20-76
13    <uses-permission android:name="android.permission.ACCESS_FINE_LOCATION" />
13-->src\main\AndroidManifest.xml:3:3-76
13-->src\main\AndroidManifest.xml:3:20-74
14    <uses-permission android:name="android.permission.INTERNET" />
14-->src\main\AndroidManifest.xml:4:3-64
14-->src\main\AndroidManifest.xml:4:20-62
15    <uses-permission android:name="android.permission.READ_EXTERNAL_STORAGE" />
15-->src\main\AndroidManifest.xml:5:3-77
15-->src\main\AndroidManifest.xml:5:20-75
16    <uses-permission android:name="android.permission.VIBRATE" />
16-->src\main\AndroidManifest.xml:7:3-63
16-->src\main\AndroidManifest.xml:7:20-61
17    <uses-permission android:name="android.permission.WRITE_EXTERNAL_STORAGE" />
17-->src\main\AndroidManifest.xml:8:3-78
17-->src\main\AndroidManifest.xml:8:20-76
18    <uses-permission android:name="android.permission.ACCESS_WIFI_STATE" />
18-->[com.facebook.flipper:flipper:0.54.0] AndroidManifest.xml:16:5-76
18-->[com.facebook.flipper:flipper:0.54.0] AndroidManifest.xml:16:22-73
19    <uses-permission android:name="android.permission.ACCESS_NETWORK_STATE" />
19-->[:expo-updates] AndroidManifest.xml:11:5-79
19-->[:expo-updates] AndroidManifest.xml:11:22-76
20
21    <queries>
21-->[:expo-file-system] AndroidManifest.xml:16:5-22:15
22
23        <!-- Query open documents -->
24        <intent>
24-->[:expo-file-system] AndroidManifest.xml:19:9-21:18
25            <action android:name="android.intent.action.OPEN_DOCUMENT_TREE" />
25-->[:expo-file-system] AndroidManifest.xml:20:13-79
25-->[:expo-file-system] AndroidManifest.xml:20:21-76
26        </intent>
27    </queries>
28
29    <uses-feature
29-->[com.mapbox.mapboxsdk:mapbox-android-sdk:9.1.0] AndroidManifest.xml:9:5-11:35
30        android:glEsVersion="0x00020000"
30-->[com.mapbox.mapboxsdk:mapbox-android-sdk:9.1.0] AndroidManifest.xml:10:9-41
31        android:required="true" />
31-->[com.mapbox.mapboxsdk:mapbox-android-sdk:9.1.0] AndroidManifest.xml:11:9-32
32    <uses-feature
32-->[com.mapbox.mapboxsdk:mapbox-android-sdk:9.1.0] AndroidManifest.xml:12:5-14:36
33        android:name="android.hardware.wifi"
33-->[com.mapbox.mapboxsdk:mapbox-android-sdk:9.1.0] AndroidManifest.xml:13:9-45
34        android:required="false" /> <!-- Required for CrashReporterJobIntentService on API levels below 25 -->
34-->[com.mapbox.mapboxsdk:mapbox-android-sdk:9.1.0] AndroidManifest.xml:14:9-33
35    <uses-permission android:name="android.permission.WAKE_LOCK" />
35-->[com.mapbox.mapboxsdk:mapbox-android-telemetry:5.0.0] AndroidManifest.xml:12:5-68
35-->[com.mapbox.mapboxsdk:mapbox-android-telemetry:5.0.0] AndroidManifest.xml:12:22-65
36    <uses-permission android:name="com.google.android.finsky.permission.BIND_GET_INSTALL_REFERRER_SERVICE" />
36-->[com.android.installreferrer:installreferrer:1.0] AndroidManifest.xml:9:5-110
36-->[com.android.installreferrer:installreferrer:1.0] AndroidManifest.xml:9:22-107
37
38    <application
38-->src\main\AndroidManifest.xml:9:3-28:17
39        android:name="com.cndpassenger.MainApplication"
39-->src\main\AndroidManifest.xml:9:16-47
40        android:allowBackup="true"
40-->src\main\AndroidManifest.xml:9:162-188
41        android:appComponentFactory="androidx.core.app.CoreComponentFactory"
41-->[androidx.core:core:1.3.0] AndroidManifest.xml:24:18-86
42        android:debuggable="true"
43        android:icon="@mipmap/ic_launcher"
43-->src\main\AndroidManifest.xml:9:81-115
44        android:label="@string/app_name"
44-->src\main\AndroidManifest.xml:9:48-80
45        android:roundIcon="@mipmap/ic_launcher_round"
45-->src\main\AndroidManifest.xml:9:116-161
46        android:theme="@style/AppTheme"
46-->src\main\AndroidManifest.xml:9:189-220
47        android:usesCleartextTraffic="true" >
47-->src\main\AndroidManifest.xml:9:221-256
48        <meta-data
48-->src\main\AndroidManifest.xml:10:5-82
49            android:name="expo.modules.updates.ENABLED"
49-->src\main\AndroidManifest.xml:10:16-59
50            android:value="true" />
50-->src\main\AndroidManifest.xml:10:60-80
51        <meta-data
51-->src\main\AndroidManifest.xml:11:5-93
52            android:name="expo.modules.updates.EXPO_SDK_VERSION"
52-->src\main\AndroidManifest.xml:11:16-68
53            android:value="42.0.0" />
53-->src\main\AndroidManifest.xml:11:69-91
54        <meta-data
54-->src\main\AndroidManifest.xml:12:5-105
55            android:name="expo.modules.updates.EXPO_UPDATES_CHECK_ON_LAUNCH"
55-->src\main\AndroidManifest.xml:12:16-80
56            android:value="ALWAYS" />
56-->src\main\AndroidManifest.xml:12:81-103
57        <meta-data
57-->src\main\AndroidManifest.xml:13:5-99
58            android:name="expo.modules.updates.EXPO_UPDATES_LAUNCH_WAIT_MS"
58-->src\main\AndroidManifest.xml:13:16-79
59            android:value="0" />
59-->src\main\AndroidManifest.xml:13:80-97
60        <meta-data
60-->src\main\AndroidManifest.xml:14:5-127
61            android:name="expo.modules.updates.EXPO_UPDATE_URL"
61-->src\main\AndroidManifest.xml:14:16-67
62            android:value="https://exp.host/@anonymous/cnd-passenger" />
62-->src\main\AndroidManifest.xml:14:68-125
63
64        <activity
64-->src\main\AndroidManifest.xml:15:5-26:16
65            android:name="com.cndpassenger.MainActivity"
65-->src\main\AndroidManifest.xml:15:15-43
66            android:configChanges="keyboard|keyboardHidden|orientation|screenSize|uiMode"
66-->src\main\AndroidManifest.xml:15:77-154
67            android:label="@string/app_name"
67-->src\main\AndroidManifest.xml:15:44-76
68            android:launchMode="singleTask"
68-->src\main\AndroidManifest.xml:15:155-186
69            android:screenOrientation="portrait"
69-->src\main\AndroidManifest.xml:15:276-312
70            android:theme="@style/Theme.App.SplashScreen"
70-->src\main\AndroidManifest.xml:15:230-275
71            android:windowSoftInputMode="adjustResize" >
71-->src\main\AndroidManifest.xml:15:187-229
72            <intent-filter>
72-->src\main\AndroidManifest.xml:16:7-19:23
73                <action android:name="android.intent.action.MAIN" />
73-->src\main\AndroidManifest.xml:17:9-60
73-->src\main\AndroidManifest.xml:17:17-58
74
75                <category android:name="android.intent.category.LAUNCHER" />
75-->src\main\AndroidManifest.xml:18:9-68
75-->src\main\AndroidManifest.xml:18:19-66
76            </intent-filter>
77            <intent-filter>
77-->src\main\AndroidManifest.xml:20:7-25:23
78                <action android:name="android.intent.action.VIEW" />
78-->src\main\AndroidManifest.xml:21:9-60
78-->src\main\AndroidManifest.xml:21:17-58
79
80                <category android:name="android.intent.category.DEFAULT" />
80-->src\main\AndroidManifest.xml:22:9-67
80-->src\main\AndroidManifest.xml:22:19-65
81                <category android:name="android.intent.category.BROWSABLE" />
81-->src\main\AndroidManifest.xml:23:9-69
81-->src\main\AndroidManifest.xml:23:19-67
82
83                <data android:scheme="com.cndpassenger" />
83-->src\main\AndroidManifest.xml:24:9-50
83-->src\main\AndroidManifest.xml:24:15-48
84            </intent-filter>
85        </activity>
86        <activity android:name="com.facebook.react.devsupport.DevSettingsActivity" />
86-->src\main\AndroidManifest.xml:27:5-81
86-->src\main\AndroidManifest.xml:27:15-79
87
88        <meta-data
88-->[:unimodules-react-native-adapter] AndroidManifest.xml:12:9-14:91
89            android:name="org.unimodules.core.AppLoader#react-native-headless"
89-->[:unimodules-react-native-adapter] AndroidManifest.xml:13:13-79
90            android:value="org.unimodules.adapters.react.apploader.RNHeadlessAppLoader" />
90-->[:unimodules-react-native-adapter] AndroidManifest.xml:14:13-88
91
92        <provider
92-->[:expo-file-system] AndroidManifest.xml:25:9-34:20
93            android:name="expo.modules.filesystem.FileSystemFileProvider"
93-->[:expo-file-system] AndroidManifest.xml:26:13-74
94            android:authorities="com.cndpassenger.FileSystemFileProvider"
94-->[:expo-file-system] AndroidManifest.xml:27:13-74
95            android:exported="false"
95-->[:expo-file-system] AndroidManifest.xml:28:13-37
96            android:grantUriPermissions="true" >
96-->[:expo-file-system] AndroidManifest.xml:29:13-47
97            <meta-data
97-->[:expo-file-system] AndroidManifest.xml:31:13-33:70
98                android:name="android.support.FILE_PROVIDER_PATHS"
98-->[:expo-file-system] AndroidManifest.xml:32:17-67
99                android:resource="@xml/file_system_provider_paths" />
99-->[:expo-file-system] AndroidManifest.xml:33:17-67
100        </provider>
101        <provider
101-->[com.mapbox.mapboxsdk:mapbox-android-telemetry:5.0.0] AndroidManifest.xml:18:9-22:39
102            android:name="com.mapbox.android.telemetry.provider.MapboxTelemetryInitProvider"
102-->[com.mapbox.mapboxsdk:mapbox-android-telemetry:5.0.0] AndroidManifest.xml:19:13-93
103            android:authorities="com.cndpassenger.mapboxtelemetryinitprovider"
103-->[com.mapbox.mapboxsdk:mapbox-android-telemetry:5.0.0] AndroidManifest.xml:20:13-79
104            android:exported="false"
104-->[com.mapbox.mapboxsdk:mapbox-android-telemetry:5.0.0] AndroidManifest.xml:21:13-37
105            android:initOrder="100" />
105-->[com.mapbox.mapboxsdk:mapbox-android-telemetry:5.0.0] AndroidManifest.xml:22:13-36
106
107        <service
107-->[com.mapbox.mapboxsdk:mapbox-android-telemetry:5.0.0] AndroidManifest.xml:24:9-26:72
108            android:name="com.mapbox.android.telemetry.crash.CrashReporterJobIntentService"
108-->[com.mapbox.mapboxsdk:mapbox-android-telemetry:5.0.0] AndroidManifest.xml:25:13-92
109            android:permission="android.permission.BIND_JOB_SERVICE" /> <!-- Needs to be explicitly declared on P+ -->
109-->[com.mapbox.mapboxsdk:mapbox-android-telemetry:5.0.0] AndroidManifest.xml:26:13-69
110        <uses-library
110-->[com.google.android.gms:play-services-maps:17.0.0] AndroidManifest.xml:33:9-35:40
111            android:name="org.apache.http.legacy"
111-->[com.google.android.gms:play-services-maps:17.0.0] AndroidManifest.xml:34:13-50
112            android:required="false" />
112-->[com.google.android.gms:play-services-maps:17.0.0] AndroidManifest.xml:35:13-37
113
114        <activity
114-->[com.google.android.gms:play-services-base:17.0.0] AndroidManifest.xml:23:9-26:75
115            android:name="com.google.android.gms.common.api.GoogleApiActivity"
115-->[com.google.android.gms:play-services-base:17.0.0] AndroidManifest.xml:24:13-79
116            android:exported="false"
116-->[com.google.android.gms:play-services-base:17.0.0] AndroidManifest.xml:25:13-37
117            android:theme="@android:style/Theme.Translucent.NoTitleBar" />
117-->[com.google.android.gms:play-services-base:17.0.0] AndroidManifest.xml:26:13-72
118
119        <meta-data
119-->[com.google.android.gms:play-services-basement:17.0.0] AndroidManifest.xml:23:9-25:69
120            android:name="com.google.android.gms.version"
120-->[com.google.android.gms:play-services-basement:17.0.0] AndroidManifest.xml:24:13-58
121            android:value="@integer/google_play_services_version" />
121-->[com.google.android.gms:play-services-basement:17.0.0] AndroidManifest.xml:25:13-66
122
123        <service
123-->[androidx.room:room-runtime:2.1.0] AndroidManifest.xml:25:9-27:40
124            android:name="androidx.room.MultiInstanceInvalidationService"
124-->[androidx.room:room-runtime:2.1.0] AndroidManifest.xml:26:13-74
125            android:exported="false" />
125-->[androidx.room:room-runtime:2.1.0] AndroidManifest.xml:27:13-37
126    </application>
127
128</manifest>